ncverilog(64): 15.20-s058: (c) Copyright 1995-2018 Cadence Design Systems, Inc.
TOOL:	ncverilog	15.20-s058: Started on Mar 10, 2022 at 17:11:01 CET
ncverilog
	+sv
	-f files_verilog.f
		../RTL/alu.v
		../RTL/alu_control.v
		../RTL/branch_unit.v
		../RTL/control_unit.v
		../RTL/cpu.v
		../RTL/immediate_extend_unit.v
		../RTL/mux_2.v
		../RTL/pc.v
		../RTL/reg_arstn.v
		../RTL/reg_arstn_en.v
		../RTL/register_file.v
		../RTL/sram.v
		../RTL/cpu_tb.v
		../RTL/saed32sram_mod.v
	+nc64bit
	+nctimescale+1ns/10ps
	+access+rwc
	-ALLOWREDEFINITION
	-linedebug
	+gui
ncverilog: *W,BADPRF: The -linedebug option may have an adverse performance impact.
ncsim: *W,DSEM2009: This SystemVerilog design is simulated as per IEEE 1800-2009 SystemVerilog simulation semantics. Use -disable_sem2009 option for turning off SV 2009 simulation semantics.

-------------------------------------
Relinquished control to SimVision...
ncsim> 
ncsim> source /esat/micas-data/software/Cadence/incisiv_15.20.058/tools/inca/files/ncsimrc
ncsim> database -open waves -into waves.shm -default
Created default SHM database waves
ncsim> probe -create -shm cpu_tb.dut.control_unit.alu_op cpu_tb.dut.control_unit.alu_src cpu_tb.dut.control_unit.branch cpu_tb.dut.control_unit.jump cpu_tb.dut.control_unit.mem_2_reg cpu_tb.dut.control_unit.mem_read cpu_tb.dut.control_unit.mem_write cpu_tb.dut.control_unit.opcode cpu_tb.dut.control_unit.reg_dst cpu_tb.dut.control_unit.reg_write
Created probe 1
ncsim> run
[1;31m
Error in test case:                             ADDI
Debug info, value:    0000000000000000000000000000000000000000000000000000000000000000
Debug info, expected: 0000000000000000000000000000000000000000000000000000000000000111
[0m
Debug info, reg_array[          1]: 0000000000000000
Debug info, reg_array[          2]: 0000000000000000
Debug info, reg_array[          3]: 0000000000000000
Debug info, reg_array[          4]: 0000000000000000
Debug info, reg_array[          5]: 0000000000000000
Debug info, reg_array[          6]: 0000000000000000
Debug info, reg_array[          7]: 0000000000000000
Debug info, reg_array[          8]: 0000000000000000
Debug info, reg_array[          9]: 0000000000000000
Debug info, reg_array[         10]: 0000000000000000
Debug info, reg_array[         11]: 0000000000000000
Debug info, reg_array[         12]: 0000000000000000
Debug info, reg_array[         13]: 0000000000000000
Debug info, reg_array[         14]: 0000000000000000
Debug info, reg_array[         15]: 0000000000000000
Debug info, reg_array[         16]: 0000000000000000
Debug info, reg_array[         17]: 0000000000000000
Debug info, reg_array[         18]: 0000000000000000
Debug info, reg_array[         19]: 0000000000000000
Debug info, reg_array[         20]: 0000000000000000
Debug info, reg_array[         21]: 0000000000000000
Debug info, reg_array[         22]: 0000000000000000
Debug info, reg_array[         23]: 0000000000000000
Debug info, reg_array[         24]: 0000000000000000
Debug info, reg_array[         25]: 0000000000000000
Debug info, reg_array[         26]: 0000000000000000
Debug info, reg_array[         27]: 0000000000000000
Debug info, reg_array[         28]: 0000000000000000
Debug info, reg_array[         29]: 0000000000000000
Debug info, reg_array[         30]: 0000000000000000
Debug info, reg_array[         31]: 0000000000000000
[1;31m
Error in test case:                             ADDI
Debug info, value:    0000000000000000000000000000000000000000000000000000000000000000
Debug info, expected: 0000000000000000000000000000000000000000000000000000000000001001
[0m
Debug info, reg_array[          1]: 0000000000000000
Debug info, reg_array[          2]: 0000000000000000
Debug info, reg_array[          3]: 0000000000000000
Debug info, reg_array[          4]: 0000000000000000
Debug info, reg_array[          5]: 0000000000000000
Debug info, reg_array[          6]: 0000000000000000
Debug info, reg_array[          7]: 0000000000000000
Debug info, reg_array[          8]: 0000000000000000
Debug info, reg_array[          9]: 0000000000000000
Debug info, reg_array[         10]: 0000000000000000
Debug info, reg_array[         11]: 0000000000000000
Debug info, reg_array[         12]: 0000000000000000
Debug info, reg_array[         13]: 0000000000000000
Debug info, reg_array[         14]: 0000000000000000
Debug info, reg_array[         15]: 0000000000000000
Debug info, reg_array[         16]: 0000000000000000
Debug info, reg_array[         17]: 0000000000000000
Debug info, reg_array[         18]: 0000000000000000
Debug info, reg_array[         19]: 0000000000000000
Debug info, reg_array[         20]: 0000000000000000
Debug info, reg_array[         21]: 0000000000000000
Debug info, reg_array[         22]: 0000000000000000
Debug info, reg_array[         23]: 0000000000000000
Debug info, reg_array[         24]: 0000000000000000
Debug info, reg_array[         25]: 0000000000000000
Debug info, reg_array[         26]: 0000000000000000
Debug info, reg_array[         27]: 0000000000000000
Debug info, reg_array[         28]: 0000000000000000
Debug info, reg_array[         29]: 0000000000000000
Debug info, reg_array[         30]: 0000000000000000
Debug info, reg_array[         31]: 0000000000000000
[1;31m
Error in test case:                        SW and LW
Debug info, value:    0000000000000000000000000000000000000000000000000000000000000000
Debug info, expected: 0000000000000000000000000000000000000000000000000000000000001001
[0m
Debug info, reg_array[          1]: 0000000000000000
Debug info, reg_array[          2]: 0000000000000000
Debug info, reg_array[          3]: 0000000000000000
Debug info, reg_array[          4]: 0000000000000000
Debug info, reg_array[          5]: 0000000000000000
Debug info, reg_array[          6]: 0000000000000000
Debug info, reg_array[          7]: 0000000000000000
Debug info, reg_array[          8]: 0000000000000000
Debug info, reg_array[          9]: 0000000000000000
Debug info, reg_array[         10]: 0000000000000000
Debug info, reg_array[         11]: 0000000000000000
Debug info, reg_array[         12]: 0000000000000000
Debug info, reg_array[         13]: 0000000000000000
Debug info, reg_array[         14]: 0000000000000000
Debug info, reg_array[         15]: 0000000000000000
Debug info, reg_array[         16]: 0000000000000000
Debug info, reg_array[         17]: 0000000000000000
Debug info, reg_array[         18]: 0000000000000000
Debug info, reg_array[         19]: 0000000000000000
Debug info, reg_array[         20]: 0000000000000000
Debug info, reg_array[         21]: 0000000000000000
Debug info, reg_array[         22]: 0000000000000000
Debug info, reg_array[         23]: 0000000000000000
Debug info, reg_array[         24]: 0000000000000000
Debug info, reg_array[         25]: 0000000000000000
Debug info, reg_array[         26]: 0000000000000000
Debug info, reg_array[         27]: 0000000000000000
Debug info, reg_array[         28]: 0000000000000000
Debug info, reg_array[         29]: 0000000000000000
Debug info, reg_array[         30]: 0000000000000000
Debug info, reg_array[         31]: 0000000000000000
[1;31m
Error in test case:                              ADD
Debug info, value:    0000000000000000000000000000000000000000000000000000000000000000
Debug info, expected: 0000000000000000000000000000000000000000000000000000000000010000
[0m
Debug info, reg_array[          1]: 0000000000000000
Debug info, reg_array[          2]: 0000000000000000
Debug info, reg_array[          3]: 0000000000000000
Debug info, reg_array[          4]: 0000000000000000
Debug info, reg_array[          5]: 0000000000000000
Debug info, reg_array[          6]: 0000000000000000
Debug info, reg_array[          7]: 0000000000000000
Debug info, reg_array[          8]: 0000000000000000
Debug info, reg_array[          9]: 0000000000000000
Debug info, reg_array[         10]: 0000000000000000
Debug info, reg_array[         11]: 0000000000000000
Debug info, reg_array[         12]: 0000000000000000
Debug info, reg_array[         13]: 0000000000000000
Debug info, reg_array[         14]: 0000000000000000
Debug info, reg_array[         15]: 0000000000000000
Debug info, reg_array[         16]: 0000000000000000
Debug info, reg_array[         17]: 0000000000000000
Debug info, reg_array[         18]: 0000000000000000
Debug info, reg_array[         19]: 0000000000000000
Debug info, reg_array[         20]: 0000000000000000
Debug info, reg_array[         21]: 0000000000000000
Debug info, reg_array[         22]: 0000000000000000
Debug info, reg_array[         23]: 0000000000000000
Debug info, reg_array[         24]: 0000000000000000
Debug info, reg_array[         25]: 0000000000000000
Debug info, reg_array[         26]: 0000000000000000
Debug info, reg_array[         27]: 0000000000000000
Debug info, reg_array[         28]: 0000000000000000
Debug info, reg_array[         29]: 0000000000000000
Debug info, reg_array[         30]: 0000000000000000
Debug info, reg_array[         31]: 0000000000000000
[1;31m
Error in test case:                              BEQ
Debug info, value:    0000000000000000000000000000000000000000000000000000000000000000
Debug info, expected: 0000000000000000000000000000000000000000000000000000000000011001
[0m
Debug info, reg_array[          1]: 0000000000000000
Debug info, reg_array[          2]: 0000000000000000
Debug info, reg_array[          3]: 0000000000000000
Debug info, reg_array[          4]: 0000000000000000
Debug info, reg_array[          5]: 0000000000000000
Debug info, reg_array[          6]: 0000000000000000
Debug info, reg_array[          7]: 0000000000000000
Debug info, reg_array[          8]: 0000000000000000
Debug info, reg_array[          9]: 0000000000000000
Debug info, reg_array[         10]: 0000000000000000
Debug info, reg_array[         11]: 0000000000000000
Debug info, reg_array[         12]: 0000000000000000
Debug info, reg_array[         13]: 0000000000000000
Debug info, reg_array[         14]: 0000000000000000
Debug info, reg_array[         15]: 0000000000000000
Debug info, reg_array[         16]: 0000000000000000
Debug info, reg_array[         17]: 0000000000000000
Debug info, reg_array[         18]: 0000000000000000
Debug info, reg_array[         19]: 0000000000000000
Debug info, reg_array[         20]: 0000000000000000
Debug info, reg_array[         21]: 0000000000000000
Debug info, reg_array[         22]: 0000000000000000
Debug info, reg_array[         23]: 0000000000000000
Debug info, reg_array[         24]: 0000000000000000
Debug info, reg_array[         25]: 0000000000000000
Debug info, reg_array[         26]: 0000000000000000
Debug info, reg_array[         27]: 0000000000000000
Debug info, reg_array[         28]: 0000000000000000
Debug info, reg_array[         29]: 0000000000000000
Debug info, reg_array[         30]: 0000000000000000
Debug info, reg_array[         31]: 0000000000000000
[1;31m
Error in test case:                              SLL
Debug info, value:    0000000000000000000000000000000000000000000000000000000000000000
Debug info, expected: 0000000000000000000000000000000000000000000000000000010010000000
[0m
Debug info, reg_array[          1]: 0000000000000000
Debug info, reg_array[          2]: 0000000000000000
Debug info, reg_array[          3]: 0000000000000000
Debug info, reg_array[          4]: 0000000000000000
Debug info, reg_array[          5]: 0000000000000000
Debug info, reg_array[          6]: 0000000000000000
Debug info, reg_array[          7]: 0000000000000000
Debug info, reg_array[          8]: 0000000000000000
Debug info, reg_array[          9]: 0000000000000000
Debug info, reg_array[         10]: 0000000000000000
Debug info, reg_array[         11]: 0000000000000000
Debug info, reg_array[         12]: 0000000000000000
Debug info, reg_array[         13]: 0000000000000000
Debug info, reg_array[         14]: 0000000000000000
Debug info, reg_array[         15]: 0000000000000000
Debug info, reg_array[         16]: 0000000000000000
Debug info, reg_array[         17]: 0000000000000000
Debug info, reg_array[         18]: 0000000000000000
Debug info, reg_array[         19]: 0000000000000000
Debug info, reg_array[         20]: 0000000000000000
Debug info, reg_array[         21]: 0000000000000000
Debug info, reg_array[         22]: 0000000000000000
Debug info, reg_array[         23]: 0000000000000000
Debug info, reg_array[         24]: 0000000000000000
Debug info, reg_array[         25]: 0000000000000000
Debug info, reg_array[         26]: 0000000000000000
Debug info, reg_array[         27]: 0000000000000000
Debug info, reg_array[         28]: 0000000000000000
Debug info, reg_array[         29]: 0000000000000000
Debug info, reg_array[         30]: 0000000000000000
Debug info, reg_array[         31]: 0000000000000000
          9 cycles
Simulation complete via $finish(1) at time 157350 NS + 7
../RTL/cpu_tb.v:244    $finish;
ncsim> 